Determining if the pthread_create exist failed with the following output:
Change Dir: /media/jintian/data/catkin_ws/src/perception/lidar/lidar_detector/person_tracking/cmake-build-debug/CMakeFiles/CMakeTmp

Run Build Command:"/usr/bin/make" "cmTC_b7215/fast"
/usr/bin/make -f CMakeFiles/cmTC_b7215.dir/build.make CMakeFiles/cmTC_b7215.dir/build
make[1]: Entering directory '/media/jintian/data/catkin_ws/src/perception/lidar/lidar_detector/person_tracking/cmake-build-debug/CMakeFiles/CMakeTmp'
Building C object CMakeFiles/cmTC_b7215.dir/CheckSymbolExists.c.o
/usr/bin/cc    -o CMakeFiles/cmTC_b7215.dir/CheckSymbolExists.c.o   -c /media/jintian/data/catkin_ws/src/perception/lidar/lidar_detector/person_tracking/cmake-build-debug/CMakeFiles/CMakeTmp/CheckSymbolExists.c
Linking C executable cmTC_b7215
/opt/clion-2019.1/bin/cmake/linux/bin/cmake -E cmake_link_script CMakeFiles/cmTC_b7215.dir/link.txt --verbose=1
/usr/bin/cc      -rdynamic CMakeFiles/cmTC_b7215.dir/CheckSymbolExists.c.o  -o cmTC_b7215 
CMakeFiles/cmTC_b7215.dir/CheckSymbolExists.c.o: In function `main':
CheckSymbolExists.c:(.text+0x16): undefined reference to `pthread_create'
collect2: error: ld returned 1 exit status
CMakeFiles/cmTC_b7215.dir/build.make:86: recipe for target 'cmTC_b7215' failed
make[1]: *** [cmTC_b7215] Error 1
make[1]: Leaving directory '/media/jintian/data/catkin_ws/src/perception/lidar/lidar_detector/person_tracking/cmake-build-debug/CMakeFiles/CMakeTmp'
Makefile:121: recipe for target 'cmTC_b7215/fast' failed
make: *** [cmTC_b7215/fast] Error 2

File /media/jintian/data/catkin_ws/src/perception/lidar/lidar_detector/person_tracking/cmake-build-debug/CMakeFiles/CMakeTmp/CheckSymbolExists.c:
/* */
#include <pthread.h>

int main(int argc, char** argv)
{
  (void)argv;
#ifndef pthread_create
  return ((int*)(&pthread_create))[argc];
#else
  (void)argc;
  return 0;
#endif
}

Determining if the function pthread_create exists in the pthreads failed with the following output:
Change Dir: /media/jintian/data/catkin_ws/src/perception/lidar/lidar_detector/person_tracking/cmake-build-debug/CMakeFiles/CMakeTmp

Run Build Command:"/usr/bin/make" "cmTC_352b9/fast"
/usr/bin/make -f CMakeFiles/cmTC_352b9.dir/build.make CMakeFiles/cmTC_352b9.dir/build
make[1]: Entering directory '/media/jintian/data/catkin_ws/src/perception/lidar/lidar_detector/person_tracking/cmake-build-debug/CMakeFiles/CMakeTmp'
Building C object CMakeFiles/cmTC_352b9.dir/CheckFunctionExists.c.o
/usr/bin/cc   -DCHECK_FUNCTION_EXISTS=pthread_create   -o CMakeFiles/cmTC_352b9.dir/CheckFunctionExists.c.o   -c /opt/clion-2019.1/bin/cmake/linux/share/cmake-3.13/Modules/CheckFunctionExists.c
Linking C executable cmTC_352b9
/opt/clion-2019.1/bin/cmake/linux/bin/cmake -E cmake_link_script CMakeFiles/cmTC_352b9.dir/link.txt --verbose=1
/usr/bin/cc  -DCHECK_FUNCTION_EXISTS=pthread_create    -rdynamic CMakeFiles/cmTC_352b9.dir/CheckFunctionExists.c.o  -o cmTC_352b9 -lpthreads 
/usr/bin/ld: cannot find -lpthreads
collect2: error: ld returned 1 exit status
CMakeFiles/cmTC_352b9.dir/build.make:86: recipe for target 'cmTC_352b9' failed
make[1]: *** [cmTC_352b9] Error 1
make[1]: Leaving directory '/media/jintian/data/catkin_ws/src/perception/lidar/lidar_detector/person_tracking/cmake-build-debug/CMakeFiles/CMakeTmp'
Makefile:121: recipe for target 'cmTC_352b9/fast' failed
make: *** [cmTC_352b9/fast] Error 2


